0 info it worked if it ends with ok
1 verbose cli [ '/usr/local/Cellar/node/7.2.1/bin/node',
1 verbose cli   '/usr/local/bin/npm',
1 verbose cli   'run',
1 verbose cli   'example' ]
2 info using npm@3.10.9
3 info using node@v7.2.1
4 verbose run-script [ 'preexample', 'example', 'postexample' ]
5 info lifecycle graphql-type-factory@0.1.0~preexample: graphql-type-factory@0.1.0
6 silly lifecycle graphql-type-factory@0.1.0~preexample: no script for preexample, continuing
7 info lifecycle graphql-type-factory@0.1.0~example: graphql-type-factory@0.1.0
8 verbose lifecycle graphql-type-factory@0.1.0~example: unsafe-perm in lifecycle true
9 verbose lifecycle graphql-type-factory@0.1.0~example: PATH: /usr/local/lib/node_modules/npm/bin/node-gyp-bin:/Users/orefalo/GitRepositories/GraphQL/graphql-type-factory/node_modules/.bin:/usr/local/Cellar/node/7.2.1/bin:/Library/Java/JavaVirtualMachines/jdk1.8.0_112.jdk/Contents/Home/bin:/usr/local/bin:/usr/bin:/bin:/usr/local/sbin:/usr/sbin:/sbin
10 verbose lifecycle graphql-type-factory@0.1.0~example: CWD: /Users/orefalo/GitRepositories/GraphQL/graphql-type-factory
11 silly lifecycle graphql-type-factory@0.1.0~example: Args: [ '-c', 'node ./example/index.js' ]
12 silly lifecycle graphql-type-factory@0.1.0~example: Returned: code: 1  signal: null
13 info lifecycle graphql-type-factory@0.1.0~example: Failed to exec example script
14 verbose stack Error: graphql-type-factory@0.1.0 example: `node ./example/index.js`
14 verbose stack Exit status 1
14 verbose stack     at EventEmitter.<anonymous> (/usr/local/lib/node_modules/npm/lib/utils/lifecycle.js:255:16)
14 verbose stack     at emitTwo (events.js:106:13)
14 verbose stack     at EventEmitter.emit (events.js:191:7)
14 verbose stack     at ChildProcess.<anonymous> (/usr/local/lib/node_modules/npm/lib/utils/spawn.js:40:14)
14 verbose stack     at emitTwo (events.js:106:13)
14 verbose stack     at ChildProcess.emit (events.js:191:7)
14 verbose stack     at maybeClose (internal/child_process.js:885:16)
14 verbose stack     at Process.ChildProcess._handle.onexit (internal/child_process.js:226:5)
15 verbose pkgid graphql-type-factory@0.1.0
16 verbose cwd /Users/orefalo/GitRepositories/GraphQL/graphql-type-factory
17 error Darwin 16.3.0
18 error argv "/usr/local/Cellar/node/7.2.1/bin/node" "/usr/local/bin/npm" "run" "example"
19 error node v7.2.1
20 error npm  v3.10.9
21 error code ELIFECYCLE
22 error graphql-type-factory@0.1.0 example: `node ./example/index.js`
22 error Exit status 1
23 error Failed at the graphql-type-factory@0.1.0 example script 'node ./example/index.js'.
23 error Make sure you have the latest version of node.js and npm installed.
23 error If you do, this is most likely a problem with the graphql-type-factory package,
23 error not with npm itself.
23 error Tell the author that this fails on your system:
23 error     node ./example/index.js
23 error You can get information on how to open an issue for this project with:
23 error     npm bugs graphql-type-factory
23 error Or if that isn't available, you can get their info via:
23 error     npm owner ls graphql-type-factory
23 error There is likely additional logging output above.
24 verbose exit [ 1, true ]
